<?xml version="1.0" encoding="UTF-8"?>
<testng-results ignored="0" total="1" passed="1" failed="0" skipped="0">
  <reporter-output>
  </reporter-output>
  <suite started-at="2024-06-29T10:08:48 IST" name="Default suite" finished-at="2024-06-29T10:09:18 IST" duration-ms="29369">
    <groups>
    </groups>
    <test started-at="2024-06-29T10:08:48 IST" name="Default test" finished-at="2024-06-29T10:09:18 IST" duration-ms="29369">
      <class name="test.demo">
        <test-method signature="display()[pri:0, instance:test.demo@696da30b]" started-at="2024-06-29T10:08:49 IST" name="display" finished-at="2024-06-29T10:09:18 IST" duration-ms="29202" status="PASS">
          <reporter-output>
          </reporter-output>
        </test-method> <!-- display -->
      </class> <!-- test.demo -->
    </test> <!-- Default test -->
  </suite> <!-- Default suite -->
</testng-results>
